Build started 14/04/2013 21:17:02.
     1>Project "C:\Users\k\Desktop\Project-Liberty\Project-Liberty\Loader\_Loader.vcxproj" on node 2 (Build target(s)).
     1>ClCompile:
         C:\Program Files (x86)\Microsoft Visual Studio 11.0\VC\bin\CL.exe /c /Zi /nologo /W3 /WX- /Ox /Ob2 /Oi /Ot /Oy /GL /D WIN32 /D MTA_RELEASE /D COMPILE_FOR_SA /D _MBCS /GF /Gm- /EHsc /MT /GS /fp:precise /Zc:wchar_t /Zc:forScope /Fo"..\..\obj\client\loader\\" /Fd"..\..\obj\client\loader\vc70.pdb" /Gd /TP /analyze- /errorReport:prompt Main.cpp Utils.cpp
         Main.cpp
     1>Main.cpp(51): warning C4996: 'strcmpi': The POSIX name for this item is deprecated. Instead, use the ISO C++ conformant name: _strcmpi. See online help for details.
                 C:\Program Files (x86)\Microsoft Visual Studio 11.0\VC\include\string.h(248) : see declaration of 'strcmpi'
     1>Main.cpp(96): warning C4996: 'sprintf': This function or variable may be unsafe. Consider using sprintf_s instead. To disable deprecation, use _CRT_SECURE_NO_WARNINGS. See online help for details.
                 C:\Program Files (x86)\Microsoft Visual Studio 11.0\VC\include\stdio.h(357) : see declaration of 'sprintf'
     1>Main.cpp(162): warning C4996: '_snprintf': This function or variable may be unsafe. Consider using _snprintf_s instead. To disable deprecation, use _CRT_SECURE_NO_WARNINGS. See online help for details.
                 C:\Program Files (x86)\Microsoft Visual Studio 11.0\VC\include\stdio.h(349) : see declaration of '_snprintf'
     1>Main.cpp(195): warning C4996: 'strcpy': This function or variable may be unsafe. Consider using strcpy_s instead. To disable deprecation, use _CRT_SECURE_NO_WARNINGS. See online help for details.
                 C:\Program Files (x86)\Microsoft Visual Studio 11.0\VC\include\string.h(110) : see declaration of 'strcpy'
     1>Main.cpp(196): warning C4996: 'strcat': This function or variable may be unsafe. Consider using strcat_s instead. To disable deprecation, use _CRT_SECURE_NO_WARNINGS. See online help for details.
                 C:\Program Files (x86)\Microsoft Visual Studio 11.0\VC\include\string.h(115) : see declaration of 'strcat'
     1>Main.cpp(197): warning C4996: 'strcat': This function or variable may be unsafe. Consider using strcat_s instead. To disable deprecation, use _CRT_SECURE_NO_WARNINGS. See online help for details.
                 C:\Program Files (x86)\Microsoft Visual Studio 11.0\VC\include\string.h(115) : see declaration of 'strcat'
     1>Main.cpp(207): warning C4996: '_snprintf': This function or variable may be unsafe. Consider using _snprintf_s instead. To disable deprecation, use _CRT_SECURE_NO_WARNINGS. See online help for details.
                 C:\Program Files (x86)\Microsoft Visual Studio 11.0\VC\include\stdio.h(349) : see declaration of '_snprintf'
     1>Main.cpp(238): warning C4996: '_snprintf': This function or variable may be unsafe. Consider using _snprintf_s instead. To disable deprecation, use _CRT_SECURE_NO_WARNINGS. See online help for details.
                 C:\Program Files (x86)\Microsoft Visual Studio 11.0\VC\include\stdio.h(349) : see declaration of '_snprintf'
         Utils.cpp
       ResourceCompile:
         C:\Program Files (x86)\Windows Kits\8.0\bin\x86\rc.exe /D NDEBUG /l"0x0409" /nologo /fo"..\..\obj\client\loader\loader.res" loader.rc 
     1>C:\Program Files (x86)\MSBuild\Microsoft.Cpp\v4.0\V110\Microsoft.CppBuild.targets(1137,5): warning MSB8012: TargetPath(C:\Users\k\Desktop\Project-Liberty\Project-Liberty\Loader\..\..\obj\client\loader\Client - Loader.exe) does not match the Linker's OutputFile property value (C:\Users\k\Desktop\Project-Liberty\output\MTA San Andreas\Multi Theft Auto.exe). This may cause your project to build incorrectly. To correct this, please make sure that $(OutDir), $(TargetName) and $(TargetExt) property values match the value specified in %(Link.OutputFile).
     1>C:\Program Files (x86)\MSBuild\Microsoft.Cpp\v4.0\V110\Microsoft.CppBuild.targets(1139,5): warning MSB8012: TargetName(Client - Loader) does not match the Linker's OutputFile property value (Multi Theft Auto). This may cause your project to build incorrectly. To correct this, please make sure that $(OutDir), $(TargetName) and $(TargetExt) property values match the value specified in %(Link.OutputFile).
       Link:
         C:\Program Files (x86)\Microsoft Visual Studio 11.0\VC\bin\link.exe /ERRORREPORT:PROMPT /OUT:"..\..\output\MTA San Andreas\Multi Theft Auto.exe" /INCREMENTAL:NO /NOLOGO shlwapi.lib psapi.lib kernel32.lib user32.lib gdi32.lib winspool.lib comdlg32.lib advapi32.lib shell32.lib ole32.lib oleaut32.lib uuid.lib odbc32.lib odbccp32.lib /MANIFEST /MANIFESTUAC:"level='asInvoker' uiAccess='false'" /manifest:embed /DEBUG /PDB:"C:/Symbols/Release_Loader.pdb" /MAP:"C:/Symbols/Release_Loader.map" /MAPINFO:EXPORTS /SUBSYSTEM:WINDOWS /OPT:REF /OPT:ICF /LTCG /TLBID:1 /DYNAMICBASE /NXCOMPAT /IMPLIB:"..\..\obj\client\loader\Client - Loader.lib" /MACHINE:X86 /SAFESEH ..\..\obj\client\loader\loader.res
         ..\..\obj\client\loader\Main.obj
         ..\..\obj\client\loader\Utils.obj
         Generating code
         Finished generating code
         _Loader.vcxproj -> C:\Users\k\Desktop\Project-Liberty\Project-Liberty\Loader\..\..\obj\client\loader\Client - Loader.exe
     1>Done Building Project "C:\Users\k\Desktop\Project-Liberty\Project-Liberty\Loader\_Loader.vcxproj" (Build target(s)).

Build succeeded.

Time Elapsed 00:00:01.27
