c:\sdks\projects\project-liberty\project-liberty-bugs\solcore\release\vc120.pdb
c:\sdks\projects\project-liberty\project-liberty-bugs\solcore\release\cgeneral.obj
c:\sdks\projects\project-liberty\project-liberty-bugs\solcore\release\cgamevariables.obj
c:\sdks\projects\project-liberty\project-liberty-bugs\solcore\release\cgamehookmanager.obj
c:\sdks\projects\project-liberty\project-liberty-bugs\solcore\release\cfont.obj
c:\sdks\projects\project-liberty\project-liberty-bugs\solcore\release\cfilemgr.obj
c:\sdks\projects\project-liberty\project-liberty-bugs\solcore\release\cfileloader.obj
c:\sdks\projects\project-liberty\project-liberty-bugs\solcore\release\cdebug.obj
c:\sdks\projects\project-liberty\project-liberty-bugs\solcore\release\ccurves.obj
c:\sdks\projects\project-liberty\project-liberty-bugs\solcore\release\ccullzones.obj
c:\sdks\projects\project-liberty\project-liberty-bugs\solcore\release\ccarctrl.obj
c:\sdks\projects\project-liberty\project-liberty-bugs\solcore\release\cautopilot.obj
c:\sdks\projects\project-liberty\project-liberty-bugs\solcore\release\automobile.obj
c:\sdks\projects\project-liberty\project-liberty-bugs\solcore\release\gamescripting.obj
c:\sdks\projects\project-liberty\project-liberty-bugs\solcore\release\d3d8system.obj
c:\sdks\projects\project-liberty\project-liberty-bugs\solcore\release\cmemory.obj
c:\sdks\projects\project-liberty\project-liberty-bugs\solcore\release\ccustomfont.obj
c:\sdks\projects\project-liberty\project-liberty-bugs\solcore\release\idirect3ddevice8hook.obj
c:\sdks\projects\project-liberty\project-liberty-bugs\solcore\release\idirect3d8hook.obj
c:\sdks\projects\project-liberty\project-liberty-bugs\solcore\release\hooksystem.obj
c:\sdks\projects\project-liberty\project-liberty-bugs\solcore\release\vehicle.obj
c:\sdks\projects\project-liberty\project-liberty-bugs\solcore\release\fileloaderaddins.obj
c:\sdks\projects\project-liberty\project-liberty-bugs\solcore\release\renderware.obj
c:\sdks\projects\project-liberty\project-liberty-bugs\solcore\release\gamevc.obj
c:\sdks\projects\project-liberty\project-liberty-bugs\solcore\release\world.obj
c:\sdks\projects\project-liberty\project-liberty-bugs\solcore\release\weather.obj
c:\sdks\projects\project-liberty\project-liberty-bugs\solcore\release\trafficlights.obj
c:\sdks\projects\project-liberty\project-liberty-bugs\solcore\release\timer.obj
c:\sdks\projects\project-liberty\project-liberty-bugs\solcore\release\physical.obj
c:\sdks\projects\project-liberty\project-liberty-bugs\solcore\release\ctxdstore.obj
c:\sdks\projects\project-liberty\project-liberty-bugs\solcore\release\cthezones.obj
c:\sdks\projects\project-liberty\project-liberty-bugs\solcore\release\cthecargenerators.obj
c:\sdks\projects\project-liberty\project-liberty-bugs\solcore\release\csprite2d.obj
c:\sdks\projects\project-liberty\project-liberty-bugs\solcore\release\cped.obj
c:\sdks\projects\project-liberty\project-liberty-bugs\solcore\release\hookpathfinding.obj
c:\sdks\projects\project-liberty\project-liberty-bugs\solcore\release\pathfinding.obj
c:\sdks\projects\project-liberty\project-liberty-bugs\solcore\release\entity.obj
c:\sdks\projects\project-liberty\project-liberty-bugs\solcore\release\waterhack.obj
c:\sdks\projects\project-liberty\project-liberty-bugs\solcore\release\vehiclelimitpatch.obj
c:\sdks\projects\project-liberty\project-liberty-bugs\solcore\release\speedo.obj
c:\sdks\projects\project-liberty\project-liberty-bugs\solcore\release\radarhack.obj
c:\sdks\projects\project-liberty\project-liberty-bugs\solcore\release\miscellaneouspatches.obj
c:\sdks\projects\project-liberty\project-liberty-bugs\solcore\release\menumaphack.obj
c:\sdks\projects\project-liberty\project-liberty-bugs\solcore\release\main.obj
c:\sdks\projects\project-liberty\project-liberty-bugs\solcore\release\chookpathfinding.obj
c:\sdks\projects\project-liberty\project-liberty-bugs\solcore\release\cautomobile.obj
c:\sdks\projects\project-liberty\project-liberty-bugs\solcore\release\solcore.tlog\cl.command.1.tlog
c:\sdks\projects\project-liberty\project-liberty-bugs\solcore\release\solcore.tlog\cl.read.1.tlog
c:\sdks\projects\project-liberty\project-liberty-bugs\solcore\release\solcore.tlog\cl.write.1.tlog
