  CCustomFont.cpp
h:\sdks\projects\project-liberty\project-liberty\solcore\utils.h(7): warning C4005: '_pad' : macro redefinition
          h:\sdks\projects\project-liberty\project-liberty\solcore\gamevc\renderwaretypes.h(2) : see previous definition of '_pad'
CCustomFont.cpp(35): warning C4996: 'strncpy': This function or variable may be unsafe. Consider using strncpy_s instead. To disable deprecation, use _CRT_SECURE_NO_WARNINGS. See online help for details.
          C:\Program Files (x86)\Microsoft Visual Studio 12.0\VC\include\string.h(195) : see declaration of 'strncpy'
  D3D8System.cpp
h:\sdks\projects\project-liberty\project-liberty\solcore\gamevc\renderwaretypes.h(2): warning C4005: '_pad' : macro redefinition
          h:\sdks\projects\project-liberty\project-liberty\solcore\utils.h(7) : see previous definition of '_pad'
  GameScripting.cpp
h:\sdks\projects\project-liberty\project-liberty\solcore\gamevc\renderwaretypes.h(2): warning C4005: '_pad' : macro redefinition
          h:\sdks\projects\project-liberty\project-liberty\solcore\utils.h(7) : see previous definition of '_pad'
GameScripting.cpp(148): warning C4996: 'strncpy': This function or variable may be unsafe. Consider using strncpy_s instead. To disable deprecation, use _CRT_SECURE_NO_WARNINGS. See online help for details.
          C:\Program Files (x86)\Microsoft Visual Studio 12.0\VC\include\string.h(195) : see declaration of 'strncpy'
  CAutomobile.cpp
h:\sdks\projects\project-liberty\project-liberty\solcore\gamevc\renderwaretypes.h(2): warning C4005: '_pad' : macro redefinition
          h:\sdks\projects\project-liberty\project-liberty\solcore\utils.h(7) : see previous definition of '_pad'
GameVC\CAutomobile.cpp(35): warning C4409: illegal instruction size
GameVC\CAutomobile.cpp(36): warning C4409: illegal instruction size
  CAutoPilot.cpp
h:\sdks\projects\project-liberty\project-liberty\solcore\gamevc\renderwaretypes.h(2): warning C4005: '_pad' : macro redefinition
          h:\sdks\projects\project-liberty\project-liberty\solcore\utils.h(7) : see previous definition of '_pad'
GameVC\CAutoPilot.cpp(37): warning C4244: 'initializing' : conversion from 'double' to 'float', possible loss of data
  CCarCtrl.cpp
h:\sdks\projects\project-liberty\project-liberty\solcore\gamevc\renderwaretypes.h(2): warning C4005: '_pad' : macro redefinition
          h:\sdks\projects\project-liberty\project-liberty\solcore\utils.h(7) : see previous definition of '_pad'
GameVC\CCarCtrl.cpp(67): warning C4996: 'sprintf': This function or variable may be unsafe. Consider using sprintf_s instead. To disable deprecation, use _CRT_SECURE_NO_WARNINGS. See online help for details.
          C:\Program Files (x86)\Microsoft Visual Studio 12.0\VC\include\stdio.h(356) : see declaration of 'sprintf'
GameVC\CCarCtrl.cpp(192): warning C4244: 'initializing' : conversion from 'double' to 'float', possible loss of data
GameVC\CCarCtrl.cpp(201): warning C4244: 'initializing' : conversion from 'double' to 'float', possible loss of data
GameVC\CCarCtrl.cpp(202): warning C4305: 'argument' : truncation from 'double' to 'const float'
GameVC\CCarCtrl.cpp(610): warning C4018: '>' : signed/unsigned mismatch
GameVC\CCarCtrl.cpp(635): warning C4244: '=' : conversion from 'double' to 'float', possible loss of data
GameVC\CCarCtrl.cpp(636): warning C4244: '=' : conversion from 'double' to 'float', possible loss of data
GameVC\CCarCtrl.cpp(637): warning C4244: '=' : conversion from 'double' to 'float', possible loss of data
GameVC\CCarCtrl.cpp(638): warning C4244: '=' : conversion from 'double' to 'float', possible loss of data
  CCullZones.cpp
h:\sdks\projects\project-liberty\project-liberty\solcore\gamevc\renderwaretypes.h(2): warning C4005: '_pad' : macro redefinition
          h:\sdks\projects\project-liberty\project-liberty\solcore\utils.h(7) : see previous definition of '_pad'
  CCurves.cpp
h:\sdks\projects\project-liberty\project-liberty\solcore\gamevc\renderwaretypes.h(2): warning C4005: '_pad' : macro redefinition
          h:\sdks\projects\project-liberty\project-liberty\solcore\utils.h(7) : see previous definition of '_pad'
  CDebug.cpp
h:\sdks\projects\project-liberty\project-liberty\solcore\gamevc\renderwaretypes.h(2): warning C4005: '_pad' : macro redefinition
          h:\sdks\projects\project-liberty\project-liberty\solcore\utils.h(7) : see previous definition of '_pad'
GameVC\CDebug.cpp(18): warning C4996: 'fopen': This function or variable may be unsafe. Consider using fopen_s instead. To disable deprecation, use _CRT_SECURE_NO_WARNINGS. See online help for details.
          C:\Program Files (x86)\Microsoft Visual Studio 12.0\VC\include\stdio.h(211) : see declaration of 'fopen'
GameVC\CDebug.cpp(31): warning C4996: '_vsnprintf': This function or variable may be unsafe. Consider using _vsnprintf_s instead. To disable deprecation, use _CRT_SECURE_NO_WARNINGS. See online help for details.
          C:\Program Files (x86)\Microsoft Visual Studio 12.0\VC\include\stdio.h(346) : see declaration of '_vsnprintf'
GameVC\CDebug.cpp(42): warning C4996: 'fopen': This function or variable may be unsafe. Consider using fopen_s instead. To disable deprecation, use _CRT_SECURE_NO_WARNINGS. See online help for details.
          C:\Program Files (x86)\Microsoft Visual Studio 12.0\VC\include\stdio.h(211) : see declaration of 'fopen'
GameVC\CDebug.cpp(57): warning C4996: 'strcpy': This function or variable may be unsafe. Consider using strcpy_s instead. To disable deprecation, use _CRT_SECURE_NO_WARNINGS. See online help for details.
          C:\Program Files (x86)\Microsoft Visual Studio 12.0\VC\include\string.h(112) : see declaration of 'strcpy'
GameVC\CDebug.cpp(69): warning C4996: 'sprintf': This function or variable may be unsafe. Consider using sprintf_s instead. To disable deprecation, use _CRT_SECURE_NO_WARNINGS. See online help for details.
          C:\Program Files (x86)\Microsoft Visual Studio 12.0\VC\include\stdio.h(356) : see declaration of 'sprintf'
GameVC\CDebug.cpp(86): warning C4996: 'vsprintf': This function or variable may be unsafe. Consider using vsprintf_s instead. To disable deprecation, use _CRT_SECURE_NO_WARNINGS. See online help for details.
          C:\Program Files (x86)\Microsoft Visual Studio 12.0\VC\include\stdio.h(356) : see declaration of 'vsprintf'
GameVC\CDebug.cpp(89): warning C4996: 'fopen': This function or variable may be unsafe. Consider using fopen_s instead. To disable deprecation, use _CRT_SECURE_NO_WARNINGS. See online help for details.
          C:\Program Files (x86)\Microsoft Visual Studio 12.0\VC\include\stdio.h(211) : see declaration of 'fopen'
GameVC\CDebug.cpp(99): warning C4996: 'vsprintf': This function or variable may be unsafe. Consider using vsprintf_s instead. To disable deprecation, use _CRT_SECURE_NO_WARNINGS. See online help for details.
          C:\Program Files (x86)\Microsoft Visual Studio 12.0\VC\include\stdio.h(356) : see declaration of 'vsprintf'
GameVC\CDebug.cpp(102): warning C4996: 'fopen': This function or variable may be unsafe. Consider using fopen_s instead. To disable deprecation, use _CRT_SECURE_NO_WARNINGS. See online help for details.
          C:\Program Files (x86)\Microsoft Visual Studio 12.0\VC\include\stdio.h(211) : see declaration of 'fopen'
GameVC\CDebug.cpp(114): warning C4996: 'vsprintf': This function or variable may be unsafe. Consider using vsprintf_s instead. To disable deprecation, use _CRT_SECURE_NO_WARNINGS. See online help for details.
          C:\Program Files (x86)\Microsoft Visual Studio 12.0\VC\include\stdio.h(356) : see declaration of 'vsprintf'
GameVC\CDebug.cpp(117): warning C4996: 'fopen': This function or variable may be unsafe. Consider using fopen_s instead. To disable deprecation, use _CRT_SECURE_NO_WARNINGS. See online help for details.
          C:\Program Files (x86)\Microsoft Visual Studio 12.0\VC\include\stdio.h(211) : see declaration of 'fopen'
  CFileLoader.cpp
h:\sdks\projects\project-liberty\project-liberty\solcore\gamevc\renderwaretypes.h(2): warning C4005: '_pad' : macro redefinition
          h:\sdks\projects\project-liberty\project-liberty\solcore\utils.h(7) : see previous definition of '_pad'
GameVC\CFileLoader.cpp(88): warning C4996: 'sscanf': This function or variable may be unsafe. Consider using sscanf_s instead. To disable deprecation, use _CRT_SECURE_NO_WARNINGS. See online help for details.
          C:\Program Files (x86)\Microsoft Visual Studio 12.0\VC\include\stdio.h(304) : see declaration of 'sscanf'
GameVC\CFileLoader.cpp(110): warning C4996: 'sscanf': This function or variable may be unsafe. Consider using sscanf_s instead. To disable deprecation, use _CRT_SECURE_NO_WARNINGS. See online help for details.
          C:\Program Files (x86)\Microsoft Visual Studio 12.0\VC\include\stdio.h(304) : see declaration of 'sscanf'
GameVC\CFileLoader.cpp(133): warning C4996: 'sscanf': This function or variable may be unsafe. Consider using sscanf_s instead. To disable deprecation, use _CRT_SECURE_NO_WARNINGS. See online help for details.
          C:\Program Files (x86)\Microsoft Visual Studio 12.0\VC\include\stdio.h(304) : see declaration of 'sscanf'
GameVC\CFileLoader.cpp(142): warning C4996: 'sscanf': This function or variable may be unsafe. Consider using sscanf_s instead. To disable deprecation, use _CRT_SECURE_NO_WARNINGS. See online help for details.
          C:\Program Files (x86)\Microsoft Visual Studio 12.0\VC\include\stdio.h(304) : see declaration of 'sscanf'
GameVC\CFileLoader.cpp(149): warning C4996: 'sscanf': This function or variable may be unsafe. Consider using sscanf_s instead. To disable deprecation, use _CRT_SECURE_NO_WARNINGS. See online help for details.
          C:\Program Files (x86)\Microsoft Visual Studio 12.0\VC\include\stdio.h(304) : see declaration of 'sscanf'
GameVC\CFileLoader.cpp(182): warning C4996: 'sscanf': This function or variable may be unsafe. Consider using sscanf_s instead. To disable deprecation, use _CRT_SECURE_NO_WARNINGS. See online help for details.
          C:\Program Files (x86)\Microsoft Visual Studio 12.0\VC\include\stdio.h(304) : see declaration of 'sscanf'
GameVC\CFileLoader.cpp(203): warning C4244: 'argument' : conversion from 'double' to 'float', possible loss of data
GameVC\CFileLoader.cpp(221): warning C4244: 'argument' : conversion from 'double' to 'float', possible loss of data
GameVC\CFileLoader.cpp(239): warning C4244: 'argument' : conversion from 'double' to 'float', possible loss of data
  CFileMgr.cpp
h:\sdks\projects\project-liberty\project-liberty\solcore\gamevc\renderwaretypes.h(2): warning C4005: '_pad' : macro redefinition
          h:\sdks\projects\project-liberty\project-liberty\solcore\utils.h(7) : see previous definition of '_pad'
GameVC\CFileMgr.cpp(6): warning C4996: 'fopen': This function or variable may be unsafe. Consider using fopen_s instead. To disable deprecation, use _CRT_SECURE_NO_WARNINGS. See online help for details.
          C:\Program Files (x86)\Microsoft Visual Studio 12.0\VC\include\stdio.h(211) : see declaration of 'fopen'
  CFont.cpp
h:\sdks\projects\project-liberty\project-liberty\solcore\gamevc\renderwaretypes.h(2): warning C4005: '_pad' : macro redefinition
          h:\sdks\projects\project-liberty\project-liberty\solcore\utils.h(7) : see previous definition of '_pad'
  CGameHookManager.cpp
h:\sdks\projects\project-liberty\project-liberty\solcore\gamevc\renderwaretypes.h(2): warning C4005: '_pad' : macro redefinition
          h:\sdks\projects\project-liberty\project-liberty\solcore\utils.h(7) : see previous definition of '_pad'
GameVC\CGameHookManager.cpp(43): warning C4309: 'argument' : truncation of constant value
GameVC\CGameHookManager.cpp(45): warning C4309: 'argument' : truncation of constant value
GameVC\CGameHookManager.cpp(47): warning C4309: 'argument' : truncation of constant value
  CGameVariables.cpp
h:\sdks\projects\project-liberty\project-liberty\solcore\gamevc\renderwaretypes.h(2): warning C4005: '_pad' : macro redefinition
          h:\sdks\projects\project-liberty\project-liberty\solcore\utils.h(7) : see previous definition of '_pad'
  CGeneral.cpp
h:\sdks\projects\project-liberty\project-liberty\solcore\gamevc\renderwaretypes.h(2): warning C4005: '_pad' : macro redefinition
          h:\sdks\projects\project-liberty\project-liberty\solcore\utils.h(7) : see previous definition of '_pad'
  entity.cpp
h:\sdks\projects\project-liberty\project-liberty\solcore\gamevc\renderwaretypes.h(2): warning C4005: '_pad' : macro redefinition
          h:\sdks\projects\project-liberty\project-liberty\solcore\utils.h(7) : see previous definition of '_pad'
  pathfinding.cpp
h:\sdks\projects\project-liberty\project-liberty\solcore\gamevc\renderwaretypes.h(2): warning C4005: '_pad' : macro redefinition
          h:\sdks\projects\project-liberty\project-liberty\solcore\utils.h(7) : see previous definition of '_pad'
GameVC\pathfinding.cpp(647): warning C4018: '<' : signed/unsigned mismatch
GameVC\pathfinding.cpp(1050): warning C4805: '==' : unsafe mix of type 'char' and type 'bool' in operation
GameVC\pathfinding.cpp(1058): warning C4805: '==' : unsafe mix of type 'char' and type 'bool' in operation
  ChookPathfinding.cpp
h:\sdks\projects\project-liberty\project-liberty\solcore\gamevc\renderwaretypes.h(2): warning C4005: '_pad' : macro redefinition
          h:\sdks\projects\project-liberty\project-liberty\solcore\utils.h(7) : see previous definition of '_pad'
  CPed.cpp
h:\sdks\projects\project-liberty\project-liberty\solcore\gamevc\renderwaretypes.h(2): warning C4005: '_pad' : macro redefinition
          h:\sdks\projects\project-liberty\project-liberty\solcore\utils.h(7) : see previous definition of '_pad'
  CSprite2D.cpp
h:\sdks\projects\project-liberty\project-liberty\solcore\gamevc\renderwaretypes.h(2): warning C4005: '_pad' : macro redefinition
          h:\sdks\projects\project-liberty\project-liberty\solcore\utils.h(7) : see previous definition of '_pad'
  Compiling...
  CTheCarGenerators.cpp
h:\sdks\projects\project-liberty\project-liberty\solcore\gamevc\renderwaretypes.h(2): warning C4005: '_pad' : macro redefinition
          h:\sdks\projects\project-liberty\project-liberty\solcore\utils.h(7) : see previous definition of '_pad'
  CTheZones.cpp
h:\sdks\projects\project-liberty\project-liberty\solcore\gamevc\renderwaretypes.h(2): warning C4005: '_pad' : macro redefinition
          h:\sdks\projects\project-liberty\project-liberty\solcore\utils.h(7) : see previous definition of '_pad'
  CTxdStore.cpp
h:\sdks\projects\project-liberty\project-liberty\solcore\gamevc\renderwaretypes.h(2): warning C4005: '_pad' : macro redefinition
          h:\sdks\projects\project-liberty\project-liberty\solcore\utils.h(7) : see previous definition of '_pad'
  physical.cpp
h:\sdks\projects\project-liberty\project-liberty\solcore\gamevc\renderwaretypes.h(2): warning C4005: '_pad' : macro redefinition
          h:\sdks\projects\project-liberty\project-liberty\solcore\utils.h(7) : see previous definition of '_pad'
  timer.cpp
h:\sdks\projects\project-liberty\project-liberty\solcore\gamevc\renderwaretypes.h(2): warning C4005: '_pad' : macro redefinition
          h:\sdks\projects\project-liberty\project-liberty\solcore\utils.h(7) : see previous definition of '_pad'
  trafficlights.cpp
h:\sdks\projects\project-liberty\project-liberty\solcore\gamevc\renderwaretypes.h(2): warning C4005: '_pad' : macro redefinition
          h:\sdks\projects\project-liberty\project-liberty\solcore\utils.h(7) : see previous definition of '_pad'
GameVC\trafficlights.cpp(338): warning C4244: 'initializing' : conversion from 'double' to 'float', possible loss of data
  weather.cpp
h:\sdks\projects\project-liberty\project-liberty\solcore\gamevc\renderwaretypes.h(2): warning C4005: '_pad' : macro redefinition
          h:\sdks\projects\project-liberty\project-liberty\solcore\utils.h(7) : see previous definition of '_pad'
  world.cpp
h:\sdks\projects\project-liberty\project-liberty\solcore\gamevc\renderwaretypes.h(2): warning C4005: '_pad' : macro redefinition
          h:\sdks\projects\project-liberty\project-liberty\solcore\utils.h(7) : see previous definition of '_pad'
  GameVC.cpp
h:\sdks\projects\project-liberty\project-liberty\solcore\gamevc\renderwaretypes.h(2): warning C4005: '_pad' : macro redefinition
          h:\sdks\projects\project-liberty\project-liberty\solcore\utils.h(7) : see previous definition of '_pad'
  renderware.cpp
  FileLoaderAddIns.cpp
h:\sdks\projects\project-liberty\project-liberty\solcore\gamevc\renderwaretypes.h(2): warning C4005: '_pad' : macro redefinition
          h:\sdks\projects\project-liberty\project-liberty\solcore\utils.h(7) : see previous definition of '_pad'
FileLoaderAddIns.cpp(91): warning C4996: 'sscanf': This function or variable may be unsafe. Consider using sscanf_s instead. To disable deprecation, use _CRT_SECURE_NO_WARNINGS. See online help for details.
          C:\Program Files (x86)\Microsoft Visual Studio 12.0\VC\include\stdio.h(304) : see declaration of 'sscanf'
FileLoaderAddIns.cpp(125): warning C4996: 'fopen': This function or variable may be unsafe. Consider using fopen_s instead. To disable deprecation, use _CRT_SECURE_NO_WARNINGS. See online help for details.
          C:\Program Files (x86)\Microsoft Visual Studio 12.0\VC\include\stdio.h(211) : see declaration of 'fopen'
  vehicle.cpp
h:\sdks\projects\project-liberty\project-liberty\solcore\gamevc\renderwaretypes.h(2): warning C4005: '_pad' : macro redefinition
          h:\sdks\projects\project-liberty\project-liberty\solcore\utils.h(7) : see previous definition of '_pad'
  hooksystem.cpp
h:\sdks\projects\project-liberty\project-liberty\solcore\gamevc\renderwaretypes.h(2): warning C4005: '_pad' : macro redefinition
          h:\sdks\projects\project-liberty\project-liberty\solcore\utils.h(7) : see previous definition of '_pad'
  IDirect3D8Hook.cpp
h:\sdks\projects\project-liberty\project-liberty\solcore\gamevc\renderwaretypes.h(2): warning C4005: '_pad' : macro redefinition
          h:\sdks\projects\project-liberty\project-liberty\solcore\utils.h(7) : see previous definition of '_pad'
  IDirect3DDevice8Hook.cpp
h:\sdks\projects\project-liberty\project-liberty\solcore\gamevc\renderwaretypes.h(2): warning C4005: '_pad' : macro redefinition
          h:\sdks\projects\project-liberty\project-liberty\solcore\utils.h(7) : see previous definition of '_pad'
  main.cpp
h:\sdks\projects\project-liberty\project-liberty\solcore\gamevc\renderwaretypes.h(2): warning C4005: '_pad' : macro redefinition
          h:\sdks\projects\project-liberty\project-liberty\solcore\utils.h(7) : see previous definition of '_pad'
  MenuMapHack.cpp
h:\sdks\projects\project-liberty\project-liberty\solcore\gamevc\renderwaretypes.h(2): warning C4005: '_pad' : macro redefinition
          h:\sdks\projects\project-liberty\project-liberty\solcore\utils.h(7) : see previous definition of '_pad'
MenuMapHack.cpp(25): warning C4996: 'sprintf': This function or variable may be unsafe. Consider using sprintf_s instead. To disable deprecation, use _CRT_SECURE_NO_WARNINGS. See online help for details.
          C:\Program Files (x86)\Microsoft Visual Studio 12.0\VC\include\stdio.h(356) : see declaration of 'sprintf'
MenuMapHack.cpp(83): warning C4244: '=' : conversion from 'double' to 'float', possible loss of data
MenuMapHack.cpp(84): warning C4244: '=' : conversion from 'double' to 'float', possible loss of data
MenuMapHack.cpp(85): warning C4244: '=' : conversion from 'double' to 'float', possible loss of data
MenuMapHack.cpp(86): warning C4244: '=' : conversion from 'double' to 'float', possible loss of data
  MiscellaneousPatches.cpp
h:\sdks\projects\project-liberty\project-liberty\solcore\gamevc\renderwaretypes.h(2): warning C4005: '_pad' : macro redefinition
          h:\sdks\projects\project-liberty\project-liberty\solcore\utils.h(7) : see previous definition of '_pad'
  RadarHack.cpp
h:\sdks\projects\project-liberty\project-liberty\solcore\gamevc\renderwaretypes.h(2): warning C4005: '_pad' : macro redefinition
          h:\sdks\projects\project-liberty\project-liberty\solcore\utils.h(7) : see previous definition of '_pad'
RadarHack.cpp(162): warning C4996: 'sprintf': This function or variable may be unsafe. Consider using sprintf_s instead. To disable deprecation, use _CRT_SECURE_NO_WARNINGS. See online help for details.
          C:\Program Files (x86)\Microsoft Visual Studio 12.0\VC\include\stdio.h(356) : see declaration of 'sprintf'
  Speedo.cpp
h:\sdks\projects\project-liberty\project-liberty\solcore\gamevc\renderwaretypes.h(2): warning C4005: '_pad' : macro redefinition
          h:\sdks\projects\project-liberty\project-liberty\solcore\utils.h(7) : see previous definition of '_pad'
  Compiling...
  tex.cpp
h:\sdks\projects\project-liberty\project-liberty\solcore\gamevc\renderwaretypes.h(2): warning C4005: '_pad' : macro redefinition
          h:\sdks\projects\project-liberty\project-liberty\solcore\utils.h(7) : see previous definition of '_pad'
tex.cpp(50): warning C4996: 'fopen': This function or variable may be unsafe. Consider using fopen_s instead. To disable deprecation, use _CRT_SECURE_NO_WARNINGS. See online help for details.
          C:\Program Files (x86)\Microsoft Visual Studio 12.0\VC\include\stdio.h(211) : see declaration of 'fopen'
tex.cpp(134): warning C4996: 'fopen': This function or variable may be unsafe. Consider using fopen_s instead. To disable deprecation, use _CRT_SECURE_NO_WARNINGS. See online help for details.
          C:\Program Files (x86)\Microsoft Visual Studio 12.0\VC\include\stdio.h(211) : see declaration of 'fopen'
  VehicleLimitPatch.cpp
h:\sdks\projects\project-liberty\project-liberty\solcore\utils.h(7): warning C4005: '_pad' : macro redefinition
          h:\sdks\projects\project-liberty\project-liberty\solcore\gamevc\renderwaretypes.h(2) : see previous definition of '_pad'
  WaterHack.cpp
h:\sdks\projects\project-liberty\project-liberty\solcore\gamevc\renderwaretypes.h(2): warning C4005: '_pad' : macro redefinition
          h:\sdks\projects\project-liberty\project-liberty\solcore\utils.h(7) : see previous definition of '_pad'
WaterHack.cpp(243): warning C4244: '=' : conversion from 'int' to 'float', possible loss of data
  Generating code
h:\sdks\projects\project-liberty\project-liberty\solcore\gamevc\pathfinding.cpp(1347): warning C4715: 'CPathFind::TestCoorsCloseness' : not all control paths return a value
  Finished generating code
  SOLhacks.vcxproj -> H:\home\k\Desktop\GTASOLBeta70.0.0(FireBull)\mss\SOLcore.asi
